Fri Sep 22 18:06:18 MDT 2017
git add .
x=`git status | grep 'nothing to commit' | wc -l`; \
if [ "$x" = "0" ]; then \
	git commit -A -m 'automated daily commit'; \
fi;
error: unknown switch `A'
usage: git commit [<options>] [--] <pathspec>...

    -q, --quiet           suppress summary after successful commit
    -v, --verbose         show diff in commit message template

Commit message options
    -F, --file <file>     read message from file
    --author <author>     override author for commit
    --date <date>         override date for commit
    -m, --message <message>
                          commit message
    -c, --reedit-message <commit>
                          reuse and edit message from specified commit
    -C, --reuse-message <commit>
                          reuse message from specified commit
    --fixup <commit>      use autosquash formatted message to fixup specified commit
    --squash <commit>     use autosquash formatted message to squash specified commit
    --reset-author        the commit is authored by me now (used with -C/-c/--amend)
    -s, --signoff         add Signed-off-by:
    -t, --template <file>
                          use specified template file
    -e, --edit            force edit of commit
    --cleanup <default>   how to strip spaces and #comments from message
    --status              include status in commit message template
    -S, --gpg-sign[=<key-id>]
                          GPG sign commit

Commit contents options
    -a, --all             commit all changed files
    -i, --include         add specified files to index for commit
    --interactive         interactively add files
    -p, --patch           interactively add changes
    -o, --only            commit only specified files
    -n, --no-verify       bypass pre-commit hook
    --dry-run             show what would be committed
    --short               show status concisely
    --branch              show branch information
    --porcelain           machine-readable output
    --long                show status in long format (default)
    -z, --null            terminate entries with NUL
    --amend               amend previous commit
    --no-post-rewrite     bypass post-rewrite hook
    -u, --untracked-files[=<mode>]
                          show untracked files, optional modes: all, normal, no. (Default: all)

Makefile:14: recipe for target 'update-web' failed
make: *** [update-web] Error 129
Fri Sep 22 18:06:49 MDT 2017
git add .
x=`git status | grep 'nothing to commit' | wc -l`; \
if [ "$x" = "0" ]; then \
	git commit -A -m 'automated daily commit'; \
fi;
error: unknown switch `A'
usage: git commit [<options>] [--] <pathspec>...

    -q, --quiet           suppress summary after successful commit
    -v, --verbose         show diff in commit message template

Commit message options
    -F, --file <file>     read message from file
    --author <author>     override author for commit
    --date <date>         override date for commit
    -m, --message <message>
                          commit message
    -c, --reedit-message <commit>
                          reuse and edit message from specified commit
    -C, --reuse-message <commit>
                          reuse message from specified commit
    --fixup <commit>      use autosquash formatted message to fixup specified commit
    --squash <commit>     use autosquash formatted message to squash specified commit
    --reset-author        the commit is authored by me now (used with -C/-c/--amend)
    -s, --signoff         add Signed-off-by:
    -t, --template <file>
                          use specified template file
    -e, --edit            force edit of commit
    --cleanup <default>   how to strip spaces and #comments from message
    --status              include status in commit message template
    -S, --gpg-sign[=<key-id>]
                          GPG sign commit

Commit contents options
    -a, --all             commit all changed files
    -i, --include         add specified files to index for commit
    --interactive         interactively add files
    -p, --patch           interactively add changes
    -o, --only            commit only specified files
    -n, --no-verify       bypass pre-commit hook
    --dry-run             show what would be committed
    --short               show status concisely
    --branch              show branch information
    --porcelain           machine-readable output
    --long                show status in long format (default)
    -z, --null            terminate entries with NUL
    --amend               amend previous commit
    --no-post-rewrite     bypass post-rewrite hook
    -u, --untracked-files[=<mode>]
                          show untracked files, optional modes: all, normal, no. (Default: all)

Makefile:14: recipe for target 'update-web' failed
make: *** [update-web] Error 129
Fri Sep 22 18:08:06 MDT 2017
git add -A .
x=`git status | grep 'nothing to commit' | wc -l`; \
if [ "$x" = "0" ]; then \
	git commit -m 'automated daily commit'; \
fi;
[master 19732df] automated daily commit
 7 files changed, 205 insertions(+), 2 deletions(-)
 create mode 100644 code/binary/Makefile
 create mode 100755 code/binary/bits
 create mode 100644 code/binary/bits.cpp
 create mode 100755 code/binary/bits2
 create mode 100644 code/binary/bits2.cpp
 create mode 100644 update-web.log
git push;
To git@github.com:dsu-cit/dsu-cs-3005-examples-2017-40.git
   409a422..19732df  master -> master
ssh cgl@helios "cd courses/dsu-cs-3005-examples-2017-40/; git pull; make install-on-helios"
From github.com:dsu-cit/dsu-cs-3005-examples-2017-40
   409a422..19732df  master     -> origin/master
Updating 409a422..19732df
Fast-forward
 Makefile              |   4 +-
 code/binary/Makefile  |  10 +++++
 code/binary/bits      | Bin 0 -> 9392 bytes
 code/binary/bits.cpp  |  52 ++++++++++++++++++++++++
 code/binary/bits2     | Bin 0 -> 13984 bytes
 code/binary/bits2.cpp |  31 ++++++++++++++
 update-web.log        | 110 ++++++++++++++++++++++++++++++++++++++++++++++++++
 7 files changed, 205 insertions(+), 2 deletions(-)
 create mode 100644 code/binary/Makefile
 create mode 100755 code/binary/bits
 create mode 100644 code/binary/bits.cpp
 create mode 100755 code/binary/bits2
 create mode 100644 code/binary/bits2.cpp
 create mode 100644 update-web.log
( cd ../dsu-cs-3005-cplusplus; make install-examples )
make[1]: Entering directory '/home/cgl/courses/dsu-cs-3005-cplusplus'
rm -f web/examples.examples
ln -s ../../dsu-cs-3005-examples-2017-40/code web/examples.examples
make[1]: Leaving directory '/home/cgl/courses/dsu-cs-3005-cplusplus'
Tue Sep 26 10:00:01 MDT 2017
git add -A .
x=`git status | grep 'nothing to commit' | wc -l`; \
if [ "$x" = "0" ]; then \
	git commit -m 'automated daily commit'; \
fi;
[master 014a040] automated daily commit
 1 file changed, 2 insertions(+)
git push;
To git@github.com:dsu-cit/dsu-cs-3005-examples-2017-40.git
   e4ada10..014a040  master -> master
ssh cgl@helios "cd courses/dsu-cs-3005-examples-2017-40/; git pull; make install-on-helios"
From github.com:dsu-cit/dsu-cs-3005-examples-2017-40
   e4ada10..014a040  master     -> origin/master
Updating e4ada10..014a040
Fast-forward
 update-web.log | 2 ++
 1 file changed, 2 insertions(+)
( cd ../dsu-cs-3005-cplusplus; make install-examples )
make[1]: Entering directory '/home/cgl/courses/dsu-cs-3005-cplusplus'
rm -f web/examples.examples
ln -s ../../dsu-cs-3005-examples-2017-40/code web/examples.examples
make[1]: Leaving directory '/home/cgl/courses/dsu-cs-3005-cplusplus'
Wed Sep 27 10:00:01 MDT 2017
git add -A .
x=`git status | grep 'nothing to commit' | wc -l`; \
if [ "$x" = "0" ]; then \
	git commit -m 'automated daily commit'; \
fi;
[master 78b9495] automated daily commit
 1 file changed, 2 insertions(+)
git push;
To git@github.com:dsu-cit/dsu-cs-3005-examples-2017-40.git
   649c9b1..78b9495  master -> master
ssh cgl@helios "cd courses/dsu-cs-3005-examples-2017-40/; git pull; make install-on-helios"
From github.com:dsu-cit/dsu-cs-3005-examples-2017-40
   649c9b1..78b9495  master     -> origin/master
Updating 649c9b1..78b9495
Fast-forward
 update-web.log | 2 ++
 1 file changed, 2 insertions(+)
( cd ../dsu-cs-3005-cplusplus; make install-examples )
make[1]: Entering directory '/home/cgl/courses/dsu-cs-3005-cplusplus'
rm -f web/examples.examples
ln -s ../../dsu-cs-3005-examples-2017-40/code web/examples.examples
make[1]: Leaving directory '/home/cgl/courses/dsu-cs-3005-cplusplus'
Thu Sep 28 10:00:01 MDT 2017
git add -A .
x=`git status | grep 'nothing to commit' | wc -l`; \
if [ "$x" = "0" ]; then \
	git commit -m 'automated daily commit'; \
fi;
[master d133f01] automated daily commit
 1 file changed, 23 insertions(+)
git push;
To git@github.com:dsu-cit/dsu-cs-3005-examples-2017-40.git
   78b9495..d133f01  master -> master
ssh cgl@helios "cd courses/dsu-cs-3005-examples-2017-40/; git pull; make install-on-helios"
From github.com:dsu-cit/dsu-cs-3005-examples-2017-40
   78b9495..d133f01  master     -> origin/master
Updating 78b9495..d133f01
Fast-forward
 update-web.log | 23 +++++++++++++++++++++++
 1 file changed, 23 insertions(+)
( cd ../dsu-cs-3005-cplusplus; make install-examples )
make[1]: Entering directory '/home/cgl/courses/dsu-cs-3005-cplusplus'
rm -f web/examples.examples
ln -s ../../dsu-cs-3005-examples-2017-40/code web/examples.examples
make[1]: Leaving directory '/home/cgl/courses/dsu-cs-3005-cplusplus'
Fri Sep 29 09:51:37 MDT 2017
git add -A .
x=`git status | grep 'nothing to commit' | wc -l`; \
if [ "$x" = "0" ]; then \
	git commit -m 'automated daily commit'; \
fi;
[master 088fed3] automated daily commit
 6 files changed, 115 insertions(+)
 create mode 100644 code/todo/Makefile
 create mode 100644 code/todo/Todo.cpp
 create mode 100644 code/todo/Todo.h
 create mode 100755 code/todo/main
 create mode 100644 code/todo/main.cpp
git push;
To git@github.com:dsu-cit/dsu-cs-3005-examples-2017-40.git
   d133f01..088fed3  master -> master
ssh cgl@helios "cd courses/dsu-cs-3005-examples-2017-40/; git pull; make install-on-helios"
From github.com:dsu-cit/dsu-cs-3005-examples-2017-40
   d133f01..088fed3  master     -> origin/master
Updating d133f01..088fed3
Fast-forward
 code/todo/Makefile |   5 +++++
 code/todo/Todo.cpp |  23 +++++++++++++++++++++++
 code/todo/Todo.h   |  36 ++++++++++++++++++++++++++++++++++++
 code/todo/main     | Bin 0 -> 9592 bytes
 code/todo/main.cpp |  28 ++++++++++++++++++++++++++++
 update-web.log     |  23 +++++++++++++++++++++++
 6 files changed, 115 insertions(+)
 create mode 100644 code/todo/Makefile
 create mode 100644 code/todo/Todo.cpp
 create mode 100644 code/todo/Todo.h
 create mode 100755 code/todo/main
 create mode 100644 code/todo/main.cpp
( cd ../dsu-cs-3005-cplusplus; make install-examples )
make[1]: Entering directory '/home/cgl/courses/dsu-cs-3005-cplusplus'
rm -f web/examples.examples
ln -s ../../dsu-cs-3005-examples-2017-40/code web/examples.examples
make[1]: Leaving directory '/home/cgl/courses/dsu-cs-3005-cplusplus'
Fri Sep 29 10:00:01 MDT 2017
git add -A .
x=`git status | grep 'nothing to commit' | wc -l`; \
if [ "$x" = "0" ]; then \
	git commit -m 'automated daily commit'; \
fi;
[master a33f6fb] automated daily commit
 1 file changed, 38 insertions(+)
git push;
To git@github.com:dsu-cit/dsu-cs-3005-examples-2017-40.git
   088fed3..a33f6fb  master -> master
ssh cgl@helios "cd courses/dsu-cs-3005-examples-2017-40/; git pull; make install-on-helios"
From github.com:dsu-cit/dsu-cs-3005-examples-2017-40
   088fed3..a33f6fb  master     -> origin/master
Updating 088fed3..a33f6fb
Fast-forward
 update-web.log | 38 ++++++++++++++++++++++++++++++++++++++
 1 file changed, 38 insertions(+)
( cd ../dsu-cs-3005-cplusplus; make install-examples )
make[1]: Entering directory '/home/cgl/courses/dsu-cs-3005-cplusplus'
rm -f web/examples.examples
ln -s ../../dsu-cs-3005-examples-2017-40/code web/examples.examples
make[1]: Leaving directory '/home/cgl/courses/dsu-cs-3005-cplusplus'
Sat Sep 30 10:00:01 MDT 2017
git add -A .
x=`git status | grep 'nothing to commit' | wc -l`; \
if [ "$x" = "0" ]; then \
	git commit -m 'automated daily commit'; \
fi;
[master fde803c] automated daily commit
 1 file changed, 23 insertions(+)
git push;
To git@github.com:dsu-cit/dsu-cs-3005-examples-2017-40.git
   a33f6fb..fde803c  master -> master
ssh cgl@helios "cd courses/dsu-cs-3005-examples-2017-40/; git pull; make install-on-helios"
From github.com:dsu-cit/dsu-cs-3005-examples-2017-40
   a33f6fb..fde803c  master     -> origin/master
Updating a33f6fb..fde803c
Fast-forward
 update-web.log | 23 +++++++++++++++++++++++
 1 file changed, 23 insertions(+)
( cd ../dsu-cs-3005-cplusplus; make install-examples )
make[1]: Entering directory '/home/cgl/courses/dsu-cs-3005-cplusplus'
rm -f web/examples.examples
ln -s ../../dsu-cs-3005-examples-2017-40/code web/examples.examples
make[1]: Leaving directory '/home/cgl/courses/dsu-cs-3005-cplusplus'
Sun Oct  1 10:00:01 MDT 2017
git add -A .
x=`git status | grep 'nothing to commit' | wc -l`; \
if [ "$x" = "0" ]; then \
	git commit -m 'automated daily commit'; \
fi;
[master 5ebf0bc] automated daily commit
 1 file changed, 23 insertions(+)
git push;
To git@github.com:dsu-cit/dsu-cs-3005-examples-2017-40.git
   fde803c..5ebf0bc  master -> master
ssh cgl@helios "cd courses/dsu-cs-3005-examples-2017-40/; git pull; make install-on-helios"
From github.com:dsu-cit/dsu-cs-3005-examples-2017-40
   fde803c..5ebf0bc  master     -> origin/master
Updating fde803c..5ebf0bc
Fast-forward
 update-web.log | 23 +++++++++++++++++++++++
 1 file changed, 23 insertions(+)
( cd ../dsu-cs-3005-cplusplus; make install-examples )
make[1]: Entering directory '/home/cgl/courses/dsu-cs-3005-cplusplus'
rm -f web/examples.examples
ln -s ../../dsu-cs-3005-examples-2017-40/code web/examples.examples
make[1]: Leaving directory '/home/cgl/courses/dsu-cs-3005-cplusplus'
Mon Oct  2 10:00:01 MDT 2017
git add -A .
x=`git status | grep 'nothing to commit' | wc -l`; \
if [ "$x" = "0" ]; then \
	git commit -m 'automated daily commit'; \
fi;
[master 5cabf56] automated daily commit
 1 file changed, 2 insertions(+)
git push;
To git@github.com:dsu-cit/dsu-cs-3005-examples-2017-40.git
   28f286f..5cabf56  master -> master
ssh cgl@helios "cd courses/dsu-cs-3005-examples-2017-40/; git pull; make install-on-helios"
From github.com:dsu-cit/dsu-cs-3005-examples-2017-40
   28f286f..5cabf56  master     -> origin/master
Updating 28f286f..5cabf56
Fast-forward
 update-web.log | 2 ++
 1 file changed, 2 insertions(+)
( cd ../dsu-cs-3005-cplusplus; make install-examples )
make[1]: Entering directory '/home/cgl/courses/dsu-cs-3005-cplusplus'
rm -f web/examples.examples
ln -s ../../dsu-cs-3005-examples-2017-40/code web/examples.examples
make[1]: Leaving directory '/home/cgl/courses/dsu-cs-3005-cplusplus'
Tue Oct  3 10:00:01 MDT 2017
git add -A .
x=`git status | grep 'nothing to commit' | wc -l`; \
if [ "$x" = "0" ]; then \
	git commit -m 'automated daily commit'; \
fi;
[master c405c14] automated daily commit
 1 file changed, 23 insertions(+)
git push;
To git@github.com:dsu-cit/dsu-cs-3005-examples-2017-40.git
   5cabf56..c405c14  master -> master
ssh cgl@helios "cd courses/dsu-cs-3005-examples-2017-40/; git pull; make install-on-helios"
From github.com:dsu-cit/dsu-cs-3005-examples-2017-40
   5cabf56..c405c14  master     -> origin/master
Updating 5cabf56..c405c14
Fast-forward
 update-web.log | 23 +++++++++++++++++++++++
 1 file changed, 23 insertions(+)
( cd ../dsu-cs-3005-cplusplus; make install-examples )
make[1]: Entering directory '/home/cgl/courses/dsu-cs-3005-cplusplus'
rm -f web/examples.examples
ln -s ../../dsu-cs-3005-examples-2017-40/code web/examples.examples
make[1]: Leaving directory '/home/cgl/courses/dsu-cs-3005-cplusplus'
Wed Oct  4 10:00:01 MDT 2017
git add -A .
x=`git status | grep 'nothing to commit' | wc -l`; \
if [ "$x" = "0" ]; then \
	git commit -m 'automated daily commit'; \
fi;
[master 8643567] automated daily commit
 1 file changed, 2 insertions(+)
git push;
To git@github.com:dsu-cit/dsu-cs-3005-examples-2017-40.git
   e8a05b0..8643567  master -> master
ssh cgl@helios "cd courses/dsu-cs-3005-examples-2017-40/; git pull; make install-on-helios"
From github.com:dsu-cit/dsu-cs-3005-examples-2017-40
   e8a05b0..8643567  master     -> origin/master
Updating e8a05b0..8643567
Fast-forward
 update-web.log | 2 ++
 1 file changed, 2 insertions(+)
( cd ../dsu-cs-3005-cplusplus; make install-examples )
make[1]: Entering directory '/home/cgl/courses/dsu-cs-3005-cplusplus'
rm -f web/examples.examples
ln -s ../../dsu-cs-3005-examples-2017-40/code web/examples.examples
make[1]: Leaving directory '/home/cgl/courses/dsu-cs-3005-cplusplus'
Thu Oct  5 10:00:01 MDT 2017
git add -A .
x=`git status | grep 'nothing to commit' | wc -l`; \
if [ "$x" = "0" ]; then \
	git commit -m 'automated daily commit'; \
fi;
[master 605727e] automated daily commit
 1 file changed, 23 insertions(+)
git push;
To git@github.com:dsu-cit/dsu-cs-3005-examples-2017-40.git
   8643567..605727e  master -> master
ssh cgl@helios "cd courses/dsu-cs-3005-examples-2017-40/; git pull; make install-on-helios"
From github.com:dsu-cit/dsu-cs-3005-examples-2017-40
   8643567..605727e  master     -> origin/master
Updating 8643567..605727e
Fast-forward
 update-web.log | 23 +++++++++++++++++++++++
 1 file changed, 23 insertions(+)
( cd ../dsu-cs-3005-cplusplus; make install-examples )
make[1]: Entering directory '/home/cgl/courses/dsu-cs-3005-cplusplus'
rm -f web/examples.examples
ln -s ../../dsu-cs-3005-examples-2017-40/code web/examples.examples
make[1]: Leaving directory '/home/cgl/courses/dsu-cs-3005-cplusplus'
Fri Oct  6 10:00:01 MDT 2017
git add -A .
x=`git status | grep 'nothing to commit' | wc -l`; \
if [ "$x" = "0" ]; then \
	git commit -m 'automated daily commit'; \
fi;
[master 834f372] automated daily commit
 5 files changed, 76 insertions(+)
 create mode 100644 code/file-io/demo.dat
 create mode 100755 code/file-io/read_demonstration
 create mode 100644 code/file-io/read_demonstration.cpp
git push;
To git@github.com:dsu-cit/dsu-cs-3005-examples-2017-40.git
   605727e..834f372  master -> master
ssh cgl@helios "cd courses/dsu-cs-3005-examples-2017-40/; git pull; make install-on-helios"
From github.com:dsu-cit/dsu-cs-3005-examples-2017-40
   605727e..834f372  master     -> origin/master
Updating 605727e..834f372
Fast-forward
 code/file-io/Makefile               |   4 ++++
 code/file-io/demo.dat               |   3 +++
 code/file-io/read_demonstration     | Bin 0 -> 15264 bytes
 code/file-io/read_demonstration.cpp |  46 ++++++++++++++++++++++++++++++++++++
 update-web.log                      |  23 ++++++++++++++++++
 5 files changed, 76 insertions(+)
 create mode 100644 code/file-io/demo.dat
 create mode 100755 code/file-io/read_demonstration
 create mode 100644 code/file-io/read_demonstration.cpp
( cd ../dsu-cs-3005-cplusplus; make install-examples )
make[1]: Entering directory '/home/cgl/courses/dsu-cs-3005-cplusplus'
rm -f web/examples.examples
ln -s ../../dsu-cs-3005-examples-2017-40/code web/examples.examples
make[1]: Leaving directory '/home/cgl/courses/dsu-cs-3005-cplusplus'
Sat Oct  7 10:00:01 MDT 2017
git add -A .
x=`git status | grep 'nothing to commit' | wc -l`; \
if [ "$x" = "0" ]; then \
	git commit -m 'automated daily commit'; \
fi;
[master e63a04b] automated daily commit
 1 file changed, 33 insertions(+)
git push;
To git@github.com:dsu-cit/dsu-cs-3005-examples-2017-40.git
   834f372..e63a04b  master -> master
ssh cgl@helios "cd courses/dsu-cs-3005-examples-2017-40/; git pull; make install-on-helios"
From github.com:dsu-cit/dsu-cs-3005-examples-2017-40
   834f372..e63a04b  master     -> origin/master
Updating 834f372..e63a04b
Fast-forward
 update-web.log | 33 +++++++++++++++++++++++++++++++++
 1 file changed, 33 insertions(+)
( cd ../dsu-cs-3005-cplusplus; make install-examples )
make[1]: Entering directory '/home/cgl/courses/dsu-cs-3005-cplusplus'
rm -f web/examples.examples
ln -s ../../dsu-cs-3005-examples-2017-40/code web/examples.examples
make[1]: Leaving directory '/home/cgl/courses/dsu-cs-3005-cplusplus'
Sun Oct  8 10:00:01 MDT 2017
git add -A .
x=`git status | grep 'nothing to commit' | wc -l`; \
if [ "$x" = "0" ]; then \
	git commit -m 'automated daily commit'; \
fi;
[master d8e263c] automated daily commit
 1 file changed, 23 insertions(+)
git push;
To git@github.com:dsu-cit/dsu-cs-3005-examples-2017-40.git
   e63a04b..d8e263c  master -> master
ssh cgl@helios "cd courses/dsu-cs-3005-examples-2017-40/; git pull; make install-on-helios"
From github.com:dsu-cit/dsu-cs-3005-examples-2017-40
   e63a04b..d8e263c  master     -> origin/master
Updating e63a04b..d8e263c
Fast-forward
 update-web.log | 23 +++++++++++++++++++++++
 1 file changed, 23 insertions(+)
( cd ../dsu-cs-3005-cplusplus; make install-examples )
make[1]: Entering directory '/home/cgl/courses/dsu-cs-3005-cplusplus'
rm -f web/examples.examples
ln -s ../../dsu-cs-3005-examples-2017-40/code web/examples.examples
make[1]: Leaving directory '/home/cgl/courses/dsu-cs-3005-cplusplus'
Mon Oct  9 10:00:01 MDT 2017
git add -A .
x=`git status | grep 'nothing to commit' | wc -l`; \
if [ "$x" = "0" ]; then \
	git commit -m 'automated daily commit'; \
fi;
[master 3513bc8] automated daily commit
 4 files changed, 84 insertions(+), 2 deletions(-)
 create mode 100644 code/todo/00_README_heap_in_class.md
git push;
To git@github.com:dsu-cit/dsu-cs-3005-examples-2017-40.git
   d8e263c..3513bc8  master -> master
ssh cgl@helios "cd courses/dsu-cs-3005-examples-2017-40/; git pull; make install-on-helios"
From github.com:dsu-cit/dsu-cs-3005-examples-2017-40
   d8e263c..3513bc8  master     -> origin/master
Updating d8e263c..3513bc8
Fast-forward
 code/todo/00_README_heap_in_class.md | 53 ++++++++++++++++++++++++++++++++++++
 code/todo/Todo.cpp                   |  8 ++++--
 code/todo/main.cpp                   |  2 ++
 update-web.log                       | 23 ++++++++++++++++
 4 files changed, 84 insertions(+), 2 deletions(-)
 create mode 100644 code/todo/00_README_heap_in_class.md
( cd ../dsu-cs-3005-cplusplus; make install-examples )
make[1]: Entering directory '/home/cgl/courses/dsu-cs-3005-cplusplus'
rm -f web/examples.examples
ln -s ../../dsu-cs-3005-examples-2017-40/code web/examples.examples
make[1]: Leaving directory '/home/cgl/courses/dsu-cs-3005-cplusplus'
Tue Oct 10 10:00:01 MDT 2017
git add -A .
x=`git status | grep 'nothing to commit' | wc -l`; \
if [ "$x" = "0" ]; then \
	git commit -m 'automated daily commit'; \
fi;
[master b3ea628] automated daily commit
 1 file changed, 28 insertions(+)
git push;
To git@github.com:dsu-cit/dsu-cs-3005-examples-2017-40.git
   3513bc8..b3ea628  master -> master
ssh cgl@helios "cd courses/dsu-cs-3005-examples-2017-40/; git pull; make install-on-helios"
From github.com:dsu-cit/dsu-cs-3005-examples-2017-40
   3513bc8..b3ea628  master     -> origin/master
Updating 3513bc8..b3ea628
Fast-forward
 update-web.log | 28 ++++++++++++++++++++++++++++
 1 file changed, 28 insertions(+)
( cd ../dsu-cs-3005-cplusplus; make install-examples )
make[1]: Entering directory '/home/cgl/courses/dsu-cs-3005-cplusplus'
rm -f web/examples.examples
ln -s ../../dsu-cs-3005-examples-2017-40/code web/examples.examples
make[1]: Leaving directory '/home/cgl/courses/dsu-cs-3005-cplusplus'
Wed Oct 11 10:00:01 MDT 2017
git add -A .
x=`git status | grep 'nothing to commit' | wc -l`; \
if [ "$x" = "0" ]; then \
	git commit -m 'automated daily commit'; \
fi;
[master 86c6d1f] automated daily commit
 1 file changed, 23 insertions(+)
git push;
To git@github.com:dsu-cit/dsu-cs-3005-examples-2017-40.git
   b3ea628..86c6d1f  master -> master
ssh cgl@helios "cd courses/dsu-cs-3005-examples-2017-40/; git pull; make install-on-helios"
From github.com:dsu-cit/dsu-cs-3005-examples-2017-40
   b3ea628..86c6d1f  master     -> origin/master
Updating b3ea628..86c6d1f
Fast-forward
 update-web.log | 23 +++++++++++++++++++++++
 1 file changed, 23 insertions(+)
( cd ../dsu-cs-3005-cplusplus; make install-examples )
make[1]: Entering directory '/home/cgl/courses/dsu-cs-3005-cplusplus'
rm -f web/examples.examples
ln -s ../../dsu-cs-3005-examples-2017-40/code web/examples.examples
make[1]: Leaving directory '/home/cgl/courses/dsu-cs-3005-cplusplus'
Thu Oct 12 10:00:01 MDT 2017
git add -A .
x=`git status | grep 'nothing to commit' | wc -l`; \
if [ "$x" = "0" ]; then \
	git commit -m 'automated daily commit'; \
fi;
[master 2c3cc56] automated daily commit
 1 file changed, 23 insertions(+)
git push;
To git@github.com:dsu-cit/dsu-cs-3005-examples-2017-40.git
   86c6d1f..2c3cc56  master -> master
ssh cgl@helios "cd courses/dsu-cs-3005-examples-2017-40/; git pull; make install-on-helios"
From github.com:dsu-cit/dsu-cs-3005-examples-2017-40
   86c6d1f..2c3cc56  master     -> origin/master
Updating 86c6d1f..2c3cc56
Fast-forward
 update-web.log | 23 +++++++++++++++++++++++
 1 file changed, 23 insertions(+)
( cd ../dsu-cs-3005-cplusplus; make install-examples )
make[1]: Entering directory '/home/cgl/courses/dsu-cs-3005-cplusplus'
rm -f web/examples.examples
ln -s ../../dsu-cs-3005-examples-2017-40/code web/examples.examples
make[1]: Leaving directory '/home/cgl/courses/dsu-cs-3005-cplusplus'
Fri Oct 13 10:00:01 MDT 2017
git add -A .
x=`git status | grep 'nothing to commit' | wc -l`; \
if [ "$x" = "0" ]; then \
	git commit -m 'automated daily commit'; \
fi;
[master 1f1934d] automated daily commit
 1 file changed, 23 insertions(+)
git push;
To git@github.com:dsu-cit/dsu-cs-3005-examples-2017-40.git
   2c3cc56..1f1934d  master -> master
ssh cgl@helios "cd courses/dsu-cs-3005-examples-2017-40/; git pull; make install-on-helios"
From github.com:dsu-cit/dsu-cs-3005-examples-2017-40
   2c3cc56..1f1934d  master     -> origin/master
Updating 2c3cc56..1f1934d
Fast-forward
 update-web.log | 23 +++++++++++++++++++++++
 1 file changed, 23 insertions(+)
( cd ../dsu-cs-3005-cplusplus; make install-examples )
make[1]: Entering directory '/home/cgl/courses/dsu-cs-3005-cplusplus'
rm -f web/examples.examples
ln -s ../../dsu-cs-3005-examples-2017-40/code web/examples.examples
make[1]: Leaving directory '/home/cgl/courses/dsu-cs-3005-cplusplus'
Sat Oct 14 10:00:01 MDT 2017
git add -A .
x=`git status | grep 'nothing to commit' | wc -l`; \
if [ "$x" = "0" ]; then \
	git commit -m 'automated daily commit'; \
fi;
[master 5ce640b] automated daily commit
 1 file changed, 23 insertions(+)
git push;
To git@github.com:dsu-cit/dsu-cs-3005-examples-2017-40.git
   1f1934d..5ce640b  master -> master
ssh cgl@helios "cd courses/dsu-cs-3005-examples-2017-40/; git pull; make install-on-helios"
From github.com:dsu-cit/dsu-cs-3005-examples-2017-40
   1f1934d..5ce640b  master     -> origin/master
Updating 1f1934d..5ce640b
Fast-forward
 update-web.log | 23 +++++++++++++++++++++++
 1 file changed, 23 insertions(+)
( cd ../dsu-cs-3005-cplusplus; make install-examples )
make[1]: Entering directory '/home/cgl/courses/dsu-cs-3005-cplusplus'
rm -f web/examples.examples
ln -s ../../dsu-cs-3005-examples-2017-40/code web/examples.examples
make[1]: Leaving directory '/home/cgl/courses/dsu-cs-3005-cplusplus'
Sun Oct 15 10:00:01 MDT 2017
git add -A .
x=`git status | grep 'nothing to commit' | wc -l`; \
if [ "$x" = "0" ]; then \
	git commit -m 'automated daily commit'; \
fi;
[master fe750a6] automated daily commit
 1 file changed, 23 insertions(+)
git push;
To git@github.com:dsu-cit/dsu-cs-3005-examples-2017-40.git
   5ce640b..fe750a6  master -> master
ssh cgl@helios "cd courses/dsu-cs-3005-examples-2017-40/; git pull; make install-on-helios"
From github.com:dsu-cit/dsu-cs-3005-examples-2017-40
   5ce640b..fe750a6  master     -> origin/master
Updating 5ce640b..fe750a6
Fast-forward
 update-web.log | 23 +++++++++++++++++++++++
 1 file changed, 23 insertions(+)
( cd ../dsu-cs-3005-cplusplus; make install-examples )
make[1]: Entering directory '/home/cgl/courses/dsu-cs-3005-cplusplus'
rm -f web/examples.examples
ln -s ../../dsu-cs-3005-examples-2017-40/code web/examples.examples
make[1]: Leaving directory '/home/cgl/courses/dsu-cs-3005-cplusplus'
Mon Oct 16 10:00:01 MDT 2017
git add -A .
x=`git status | grep 'nothing to commit' | wc -l`; \
if [ "$x" = "0" ]; then \
	git commit -m 'automated daily commit'; \
fi;
[master 168fb7a] automated daily commit
 1 file changed, 23 insertions(+)
git push;
To git@github.com:dsu-cit/dsu-cs-3005-examples-2017-40.git
   fe750a6..168fb7a  master -> master
ssh cgl@helios "cd courses/dsu-cs-3005-examples-2017-40/; git pull; make install-on-helios"
From github.com:dsu-cit/dsu-cs-3005-examples-2017-40
   fe750a6..168fb7a  master     -> origin/master
Updating fe750a6..168fb7a
Fast-forward
 update-web.log | 23 +++++++++++++++++++++++
 1 file changed, 23 insertions(+)
( cd ../dsu-cs-3005-cplusplus; make install-examples )
make[1]: Entering directory '/home/cgl/courses/dsu-cs-3005-cplusplus'
rm -f web/examples.examples
ln -s ../../dsu-cs-3005-examples-2017-40/code web/examples.examples
make[1]: Leaving directory '/home/cgl/courses/dsu-cs-3005-cplusplus'
Tue Oct 17 10:00:01 MDT 2017
git add -A .
x=`git status | grep 'nothing to commit' | wc -l`; \
if [ "$x" = "0" ]; then \
	git commit -m 'automated daily commit'; \
fi;
[master e6fef3c] automated daily commit
 1 file changed, 23 insertions(+)
git push;
To git@github.com:dsu-cit/dsu-cs-3005-examples-2017-40.git
   168fb7a..e6fef3c  master -> master
ssh cgl@helios "cd courses/dsu-cs-3005-examples-2017-40/; git pull; make install-on-helios"
From github.com:dsu-cit/dsu-cs-3005-examples-2017-40
   168fb7a..e6fef3c  master     -> origin/master
Updating 168fb7a..e6fef3c
Fast-forward
 update-web.log | 23 +++++++++++++++++++++++
 1 file changed, 23 insertions(+)
( cd ../dsu-cs-3005-cplusplus; make install-examples )
make[1]: Entering directory '/home/cgl/courses/dsu-cs-3005-cplusplus'
rm -f web/examples.examples
ln -s ../../dsu-cs-3005-examples-2017-40/code web/examples.examples
make[1]: Leaving directory '/home/cgl/courses/dsu-cs-3005-cplusplus'
Wed Oct 18 10:00:01 MDT 2017
git add -A .
x=`git status | grep 'nothing to commit' | wc -l`; \
if [ "$x" = "0" ]; then \
	git commit -m 'automated daily commit'; \
fi;
[master 3515973] automated daily commit
 1 file changed, 23 insertions(+)
git push;
To git@github.com:dsu-cit/dsu-cs-3005-examples-2017-40.git
   e6fef3c..3515973  master -> master
ssh cgl@helios "cd courses/dsu-cs-3005-examples-2017-40/; git pull; make install-on-helios"
From github.com:dsu-cit/dsu-cs-3005-examples-2017-40
   e6fef3c..3515973  master     -> origin/master
Updating e6fef3c..3515973
Fast-forward
 update-web.log | 23 +++++++++++++++++++++++
 1 file changed, 23 insertions(+)
( cd ../dsu-cs-3005-cplusplus; make install-examples )
make[1]: Entering directory '/home/cgl/courses/dsu-cs-3005-cplusplus'
rm -f web/examples.examples
ln -s ../../dsu-cs-3005-examples-2017-40/code web/examples.examples
make[1]: Leaving directory '/home/cgl/courses/dsu-cs-3005-cplusplus'
Thu Oct 19 10:00:01 MDT 2017
git add -A .
x=`git status | grep 'nothing to commit' | wc -l`; \
if [ "$x" = "0" ]; then \
	git commit -m 'automated daily commit'; \
fi;
[master fa05ba9] automated daily commit
 1 file changed, 23 insertions(+)
git push;
To git@github.com:dsu-cit/dsu-cs-3005-examples-2017-40.git
   3515973..fa05ba9  master -> master
ssh cgl@helios "cd courses/dsu-cs-3005-examples-2017-40/; git pull; make install-on-helios"
From github.com:dsu-cit/dsu-cs-3005-examples-2017-40
   3515973..fa05ba9  master     -> origin/master
Updating 3515973..fa05ba9
Fast-forward
 update-web.log | 23 +++++++++++++++++++++++
 1 file changed, 23 insertions(+)
( cd ../dsu-cs-3005-cplusplus; make install-examples )
make[1]: Entering directory '/home/cgl/courses/dsu-cs-3005-cplusplus'
rm -f web/examples.examples
ln -s ../../dsu-cs-3005-examples-2017-40/code web/examples.examples
make[1]: Leaving directory '/home/cgl/courses/dsu-cs-3005-cplusplus'
Fri Oct 20 10:00:01 MDT 2017
git add -A .
x=`git status | grep 'nothing to commit' | wc -l`; \
if [ "$x" = "0" ]; then \
	git commit -m 'automated daily commit'; \
fi;
[master 83d5bee] automated daily commit
 8 files changed, 169 insertions(+)
 create mode 100644 code/robot/.gitignore
 create mode 100644 code/robot/Makefile
 create mode 100644 code/robot/Robot.cpp
 create mode 100644 code/robot/Robot.h
 create mode 100644 code/robot/VacuumRobot.cpp
 create mode 100644 code/robot/VacuumRobot.h
 create mode 100644 code/robot/main.cpp
git push;
To git@github.com:dsu-cit/dsu-cs-3005-examples-2017-40.git
   fa05ba9..83d5bee  master -> master
ssh cgl@helios "cd courses/dsu-cs-3005-examples-2017-40/; git pull; make install-on-helios"
From github.com:dsu-cit/dsu-cs-3005-examples-2017-40
   fa05ba9..83d5bee  master     -> origin/master
Updating fa05ba9..83d5bee
Fast-forward
 code/robot/.gitignore      |  1 +
 code/robot/Makefile        | 12 ++++++++++++
 code/robot/Robot.cpp       | 36 ++++++++++++++++++++++++++++++++++++
 code/robot/Robot.h         | 27 +++++++++++++++++++++++++++
 code/robot/VacuumRobot.cpp | 16 ++++++++++++++++
 code/robot/VacuumRobot.h   | 27 +++++++++++++++++++++++++++
 code/robot/main.cpp        | 27 +++++++++++++++++++++++++++
 update-web.log             | 23 +++++++++++++++++++++++
 8 files changed, 169 insertions(+)
 create mode 100644 code/robot/.gitignore
 create mode 100644 code/robot/Makefile
 create mode 100644 code/robot/Robot.cpp
 create mode 100644 code/robot/Robot.h
 create mode 100644 code/robot/VacuumRobot.cpp
 create mode 100644 code/robot/VacuumRobot.h
 create mode 100644 code/robot/main.cpp
( cd ../dsu-cs-3005-cplusplus; make install-examples )
make[1]: Entering directory '/home/cgl/courses/dsu-cs-3005-cplusplus'
rm -f web/examples.examples
ln -s ../../dsu-cs-3005-examples-2017-40/code web/examples.examples
make[1]: Leaving directory '/home/cgl/courses/dsu-cs-3005-cplusplus'
Sat Oct 21 10:00:01 MDT 2017
git add -A .
x=`git status | grep 'nothing to commit' | wc -l`; \
if [ "$x" = "0" ]; then \
	git commit -m 'automated daily commit'; \
fi;
[master 127e88c] automated daily commit
 1 file changed, 44 insertions(+)
git push;
To git@github.com:dsu-cit/dsu-cs-3005-examples-2017-40.git
   83d5bee..127e88c  master -> master
ssh cgl@helios "cd courses/dsu-cs-3005-examples-2017-40/; git pull; make install-on-helios"
From github.com:dsu-cit/dsu-cs-3005-examples-2017-40
   83d5bee..127e88c  master     -> origin/master
Updating 83d5bee..127e88c
Fast-forward
 update-web.log | 44 ++++++++++++++++++++++++++++++++++++++++++++
 1 file changed, 44 insertions(+)
( cd ../dsu-cs-3005-cplusplus; make install-examples )
make[1]: Entering directory '/home/cgl/courses/dsu-cs-3005-cplusplus'
rm -f web/examples.examples
ln -s ../../dsu-cs-3005-examples-2017-40/code web/examples.examples
make[1]: Leaving directory '/home/cgl/courses/dsu-cs-3005-cplusplus'
Sun Oct 22 10:00:01 MDT 2017
git add -A .
x=`git status | grep 'nothing to commit' | wc -l`; \
if [ "$x" = "0" ]; then \
	git commit -m 'automated daily commit'; \
fi;
[master 15a3bfe] automated daily commit
 1 file changed, 23 insertions(+)
git push;
To git@github.com:dsu-cit/dsu-cs-3005-examples-2017-40.git
   127e88c..15a3bfe  master -> master
ssh cgl@helios "cd courses/dsu-cs-3005-examples-2017-40/; git pull; make install-on-helios"
From github.com:dsu-cit/dsu-cs-3005-examples-2017-40
   127e88c..15a3bfe  master     -> origin/master
Updating 127e88c..15a3bfe
Fast-forward
 update-web.log | 23 +++++++++++++++++++++++
 1 file changed, 23 insertions(+)
( cd ../dsu-cs-3005-cplusplus; make install-examples )
make[1]: Entering directory '/home/cgl/courses/dsu-cs-3005-cplusplus'
rm -f web/examples.examples
ln -s ../../dsu-cs-3005-examples-2017-40/code web/examples.examples
make[1]: Leaving directory '/home/cgl/courses/dsu-cs-3005-cplusplus'
Mon Oct 23 10:00:01 MDT 2017
git add -A .
